
BL51 BANKED LINKER/LOCATER V6.22 - SN: Eval Version
COPYRIGHT KEIL ELEKTRONIK GmbH 1987 - 2009
"C:\Users\Adraub\Documents\GitHub\veloLed\F31x_SPI0_Master.obj"  TO "C:\Users\Adraub\Documents\GitHub\veloLed\veloLed" RS(256) PL(68) PW(78) 

*** WARNING L16: UNCALLED SEGMENT, IGNORED FOR OVERLAY PROCESS
    SEGMENT: ?PR?SPI_LED_ON?F31X_SPI0_MASTER

*** WARNING L16: UNCALLED SEGMENT, IGNORED FOR OVERLAY PROCESS
    SEGMENT: ?PR?SPI_LED_OFF?F31X_SPI0_MASTER

*** WARNING L16: UNCALLED SEGMENT, IGNORED FOR OVERLAY PROCESS
    SEGMENT: ?PR?SPI_BYTE_WRITE?F31X_SPI0_MASTER

*** WARNING L16: UNCALLED SEGMENT, IGNORED FOR OVERLAY PROCESS
    SEGMENT: ?PR?SPI_ARRAY_WRITE?F31X_SPI0_MASTER

*** WARNING L16: UNCALLED SEGMENT, IGNORED FOR OVERLAY PROCESS
    SEGMENT: ?PR?SPI_ARRAY_READ?F31X_SPI0_MASTER

*** WARNING L16: UNCALLED SEGMENT, IGNORED FOR OVERLAY PROCESS
    SEGMENT: ?PR?DELAY?F31X_SPI0_MASTER

******************************************************************************
* RESTRICTED VERSION WITH 0800H BYTE CODE SIZE LIMIT; USED: 01C1H BYTE (21%) *
******************************************************************************

>> 
>> 
>> 
Program Size: data=36.1 xdata=0 code=856
LINK/LOCATE RUN COMPLETE.  6 WARNING(S),  0 ERROR(S)
